Determining if the pthread_create exist failed with the following output:
Change Dir: /home/sunmiao/work/code/slam/tutorial/ndt/cmake-build-debug/CMakeFiles/CMakeTmp

Run Build Command:"/usr/bin/make" "cmTC_c5275/fast"
/usr/bin/make -f CMakeFiles/cmTC_c5275.dir/build.make CMakeFiles/cmTC_c5275.dir/build
make[1]: Entering directory '/home/sunmiao/work/code/slam/tutorial/ndt/cmake-build-debug/CMakeFiles/CMakeTmp'
Building C object CMakeFiles/cmTC_c5275.dir/CheckSymbolExists.c.o
/usr/bin/cc    -o CMakeFiles/cmTC_c5275.dir/CheckSymbolExists.c.o   -c /home/sunmiao/work/code/slam/tutorial/ndt/cmake-build-debug/CMakeFiles/CMakeTmp/CheckSymbolExists.c
Linking C executable cmTC_c5275
/home/sunmiao/software/clion-2018.2.6/bin/cmake/linux/bin/cmake -E cmake_link_script CMakeFiles/cmTC_c5275.dir/link.txt --verbose=1
/usr/bin/cc      -rdynamic CMakeFiles/cmTC_c5275.dir/CheckSymbolExists.c.o  -o cmTC_c5275 
CMakeFiles/cmTC_c5275.dir/CheckSymbolExists.c.o：在函数‘main’中：
CheckSymbolExists.c:(.text+0x16)：对‘pthread_create’未定义的引用
collect2: error: ld returned 1 exit status
CMakeFiles/cmTC_c5275.dir/build.make:86: recipe for target 'cmTC_c5275' failed
make[1]: *** [cmTC_c5275] Error 1
make[1]: Leaving directory '/home/sunmiao/work/code/slam/tutorial/ndt/cmake-build-debug/CMakeFiles/CMakeTmp'
Makefile:121: recipe for target 'cmTC_c5275/fast' failed
make: *** [cmTC_c5275/fast] Error 2

File /home/sunmiao/work/code/slam/tutorial/ndt/cmake-build-debug/CMakeFiles/CMakeTmp/CheckSymbolExists.c:
/* */
#include <pthread.h>

int main(int argc, char** argv)
{
  (void)argv;
#ifndef pthread_create
  return ((int*)(&pthread_create))[argc];
#else
  (void)argc;
  return 0;
#endif
}

Determining if the function pthread_create exists in the pthreads failed with the following output:
Change Dir: /home/sunmiao/work/code/slam/tutorial/ndt/cmake-build-debug/CMakeFiles/CMakeTmp

Run Build Command:"/usr/bin/make" "cmTC_6f2a0/fast"
/usr/bin/make -f CMakeFiles/cmTC_6f2a0.dir/build.make CMakeFiles/cmTC_6f2a0.dir/build
make[1]: Entering directory '/home/sunmiao/work/code/slam/tutorial/ndt/cmake-build-debug/CMakeFiles/CMakeTmp'
Building C object CMakeFiles/cmTC_6f2a0.dir/CheckFunctionExists.c.o
/usr/bin/cc   -DCHECK_FUNCTION_EXISTS=pthread_create   -o CMakeFiles/cmTC_6f2a0.dir/CheckFunctionExists.c.o   -c /home/sunmiao/software/clion-2018.2.6/bin/cmake/linux/share/cmake-3.12/Modules/CheckFunctionExists.c
Linking C executable cmTC_6f2a0
/home/sunmiao/software/clion-2018.2.6/bin/cmake/linux/bin/cmake -E cmake_link_script CMakeFiles/cmTC_6f2a0.dir/link.txt --verbose=1
/usr/bin/cc  -DCHECK_FUNCTION_EXISTS=pthread_create    -rdynamic CMakeFiles/cmTC_6f2a0.dir/CheckFunctionExists.c.o  -o cmTC_6f2a0 -lpthreads 
/usr/bin/ld: 找不到 -lpthreads
collect2: error: ld returned 1 exit status
CMakeFiles/cmTC_6f2a0.dir/build.make:86: recipe for target 'cmTC_6f2a0' failed
make[1]: *** [cmTC_6f2a0] Error 1
make[1]: Leaving directory '/home/sunmiao/work/code/slam/tutorial/ndt/cmake-build-debug/CMakeFiles/CMakeTmp'
Makefile:121: recipe for target 'cmTC_6f2a0/fast' failed
make: *** [cmTC_6f2a0/fast] Error 2


